#
# There is insufficient memory for the Java Runtime Environment to continue.
# Native memory allocation (mmap) failed to map 266338304 bytes. Error detail: G1 virtual space
# Possible reasons:
#   The system is out of physical RAM or swap space
#   This process is running with CompressedOops enabled, and the Java Heap may be blocking the growth of the native heap
# Possible solutions:
#   Reduce memory load on the system
#   Increase physical memory or swap space
#   Check if swap backing store is full
#   Decrease Java heap size (-Xmx/-Xms)
#   Decrease number of Java threads
#   Decrease Java thread stack sizes (-Xss)
#   Set larger code cache with -XX:ReservedCodeCacheSize=
#   JVM is running with Zero Based Compressed Oops mode in which the Java heap is
#     placed in the first 32GB address space. The Java Heap base address is the
#     maximum limit for the native heap growth. Please use -XX:HeapBaseMinAddress
#     to set the Java Heap base and to place the Java Heap above 32GB virtual address.
# This output file may be truncated or incomplete.
#
#  Out of Memory Error (os_windows.cpp:3564), pid=3580, tid=5260
#
# JRE version:  (24.0+36) (build )
# Java VM: Java HotSpot(TM) 64-Bit Server VM (24+36-3646, mixed mode, sharing, tiered, compressed oops, compressed class ptrs, g1 gc, windows-amd64)
# No core dump will be written. Minidumps are not enabled by default on client versions of Windows
#

---------------  S U M M A R Y ------------

Command Line: -Dfile.encoding=UTF-8 --module-path=C:\Users\Parametrización\Documents\NetBeansProjects\Gestor_Tareas\build\classes Asignar_Tarea.GUI_Asignar_Tarea

Host: Intel(R) Core(TM) i5-8400T CPU @ 1.70GHz, 6 cores, 15G,  Windows 11 , 64 bit Build 26100 (10.0.26100.4202)
Time: Tue Jun 24 16:19:06 2025 Hora est. Pacífico, Sudamérica elapsed time: 0.417552 seconds (0d 0h 0m 0s)

---------------  T H R E A D  ---------------

Current thread (0x000001bd7375f350):  JavaThread "Unknown thread" [_thread_in_vm, id=5260, stack(0x00000070ee900000,0x00000070eea00000) (1024K)]

Stack: [0x00000070ee900000,0x00000070eea00000]
Native frames: (J=compiled Java code, j=interpreted, Vv=VM code, C=native code)
V  [jvm.dll+0x7308c9]  (no source info available)
V  [jvm.dll+0x8d9ca3]  (no source info available)
V  [jvm.dll+0x8dc13d]  (no source info available)
V  [jvm.dll+0x8dc7b3]  (no source info available)
V  [jvm.dll+0x2aa046]  (no source info available)
V  [jvm.dll+0x72cdf5]  (no source info available)
V  [jvm.dll+0x72091a]  (no source info available)
V  [jvm.dll+0x390d8a]  (no source info available)
V  [jvm.dll+0x398a96]  (no source info available)
V  [jvm.dll+0x3852de]  (no source info available)
V  [jvm.dll+0x385598]  (no source info available)
V  [jvm.dll+0x35d16c]  (no source info available)
V  [jvm.dll+0x35de2d]  (no source info available)
V  [jvm.dll+0x89d41f]  (no source info available)
V  [jvm.dll+0x3f98fd]  (no source info available)
V  [jvm.dll+0x885a76]  (no source info available)
V  [jvm.dll+0x49604e]  (no source info available)
V  [jvm.dll+0x497e21]  (no source info available)
C  [jli.dll+0x52a1]  (no source info available)
C  [ucrtbase.dll+0x37b0]  (no source info available)
C  [KERNEL32.DLL+0x2e8d7]  (no source info available)
C  [ntdll.dll+0x3c34c]  (no source info available)

Lock stack of current Java thread (top to bottom):


---------------  P R O C E S S  ---------------

Threads class SMR info:
_java_thread_list=0x00007ffe7879f318, length=0, elements={
}

Java Threads: ( => current thread )
Total: 0

Other Threads:
  0x000001bd75b8ec20 WorkerThread "GC Thread#0"                     [id=19964, stack(0x00000070eea00000,0x00000070eeb00000) (1024K)]
  0x000001bd75ba5b10 ConcurrentGCThread "G1 Main Marker"            [id=20640, stack(0x00000070eeb00000,0x00000070eec00000) (1024K)]
  0x000001bd75ba6cd0 WorkerThread "G1 Conc#0"                       [id=10676, stack(0x00000070eec00000,0x00000070eed00000) (1024K)]

[error occurred during error reporting (printing all threads), id 0xc0000005, EXCEPTION_ACCESS_VIOLATION (0xc0000005) at pc=0x00007ffe77ed158a]
VM state: not at safepoint (not fully initialized)

VM Mutex/Monitor currently owned by a thread:  ([mutex/lock_event])
[0x00007ffe788245c0] Heap_lock - owner thread: 0x000001bd7375f350

Heap address: 0x0000000702c00000, size: 4052 MB, Compressed Oops mode: Zero based, Oop shift amount: 3

CDS archive(s) mapped at: [0x0000000000000000-0x0000000000000000-0x0000000000000000), size 0, SharedBaseAddress: 0x0000000800000000, ArchiveRelocationMode: 1.
UseCompressedClassPointers 1, UseCompactObjectHeaders 0
Narrow klass pointer bits 32, Max shift 3
Narrow klass base: 0xffffffffffffffff, Narrow klass shift: -1
Encoding Range: [0xffffffffffffffff - 0x000000007fffffff), (2147483648 bytes)
Klass Range:    [0x0000000000000000 - 0x0000000000000000), (0 bytes)
Klass ID Range:  [4294967295 - 0) (1)

GC Precious Log:
 CardTable entry size: 512
 Card Set container configuration: InlinePtr #cards 4 size 8 Array Of Cards #cards 16 size 48 Howl #buckets 8 coarsen threshold 3686 Howl Bitmap #cards 512 size 80 coarsen threshold 460 Card regions per heap region 1 cards per card region 4096

Heap:
 garbage-first heap   total reserved 4149248K, committed 0K, used 0K [0x0000000702c00000, 0x0000000800000000)
  region size 2048K, 0 young (0K), 0 survivors (0K)

[error occurred during error reporting (printing heap information), id 0xc0000005, EXCEPTION_ACCESS_VIOLATION (0xc0000005) at pc=0x00007ffe782ee579]
GC Heap History (0 events):
No events

Dll operation events (1 events):
Event: 0.011 Loaded shared library C:\Program Files\Java\jdk-24\bin\java.dll

Deoptimization events (0 events):
No events

Classes loaded (0 events):
No events

Classes unloaded (0 events):
No events

Classes redefined (0 events):
No events

Internal exceptions (0 events):
No events

VM Operations (0 events):
No events

Memory protections (0 events):
No events

Nmethod flushes (0 events):
No events

Events (0 events):
No events


Dynamic libraries:
0x00007ff624540000 - 0x00007ff624550000 	C:\Program Files\Java\jdk-24\bin\java.exe
0x00007fff35f60000 - 0x00007fff361c5000 	C:\WINDOWS\SYSTEM32\ntdll.dll
0x00007fff35c70000 - 0x00007fff35d39000 	C:\WINDOWS\System32\KERNEL32.DLL
0x00007fff33500000 - 0x00007fff338e8000 	C:\WINDOWS\System32\KERNELBASE.dll
0x00007fff33380000 - 0x00007fff334cb000 	C:\WINDOWS\System32\ucrtbase.dll
0x00007fff1d740000 - 0x00007fff1d756000 	C:\Program Files\Java\jdk-24\bin\jli.dll
0x00007fff2e5d0000 - 0x00007fff2e5eb000 	C:\Program Files\Java\jdk-24\bin\VCRUNTIME140.dll
0x00007fff33db0000 - 0x00007fff33f7a000 	C:\WINDOWS\System32\USER32.dll
0x00007fff1bda0000 - 0x00007fff1c03a000 	C:\WINDOWS\WinSxS\amd64_microsoft.windows.common-controls_6595b64144ccf1df_6.0.26100.4202_none_3e0698d4e335f517\COMCTL32.dll
0x00007fff33d00000 - 0x00007fff33da9000 	C:\WINDOWS\System32\msvcrt.dll
0x00007fff334d0000 - 0x00007fff334f7000 	C:\WINDOWS\System32\win32u.dll
0x00007fff35e40000 - 0x00007fff35e6b000 	C:\WINDOWS\System32\GDI32.dll
0x00007fff33a40000 - 0x00007fff33b77000 	C:\WINDOWS\System32\gdi32full.dll
0x00007fff338f0000 - 0x00007fff33993000 	C:\WINDOWS\System32\msvcp_win.dll
0x00007fff35e70000 - 0x00007fff35ea0000 	C:\WINDOWS\System32\IMM32.DLL
0x00007fff30070000 - 0x00007fff3007c000 	C:\Program Files\Java\jdk-24\bin\vcruntime140_1.dll
0x00007fff04910000 - 0x00007fff0499e000 	C:\Program Files\Java\jdk-24\bin\msvcp140.dll
0x00007ffe77b60000 - 0x00007ffe78902000 	C:\Program Files\Java\jdk-24\bin\server\jvm.dll
0x00007fff34640000 - 0x00007fff346f3000 	C:\WINDOWS\System32\ADVAPI32.dll
0x00007fff34000000 - 0x00007fff340a6000 	C:\WINDOWS\System32\sechost.dll
0x00007fff34700000 - 0x00007fff34815000 	C:\WINDOWS\System32\RPCRT4.dll
0x00007fff348b0000 - 0x00007fff34924000 	C:\WINDOWS\System32\WS2_32.dll
0x00007fff1e5f0000 - 0x00007fff1e625000 	C:\WINDOWS\SYSTEM32\WINMM.dll
0x00007fff32f00000 - 0x00007fff32f5e000 	C:\WINDOWS\SYSTEM32\POWRPROF.dll
0x00007fff2cd80000 - 0x00007fff2cd8b000 	C:\WINDOWS\SYSTEM32\VERSION.dll
0x00007fff32ee0000 - 0x00007fff32ef4000 	C:\WINDOWS\SYSTEM32\UMPDC.dll
0x00007fff31e40000 - 0x00007fff31e5b000 	C:\WINDOWS\SYSTEM32\kernel.appcore.dll
0x00007fff2e730000 - 0x00007fff2e73a000 	C:\Program Files\Java\jdk-24\bin\jimage.dll
0x00007fff1c0a0000 - 0x00007fff1c2e1000 	C:\WINDOWS\SYSTEM32\DBGHELP.DLL
0x00007fff342b0000 - 0x00007fff34635000 	C:\WINDOWS\System32\combase.dll
0x00007fff35540000 - 0x00007fff35621000 	C:\WINDOWS\System32\OLEAUT32.dll
0x00007fff1b620000 - 0x00007fff1b659000 	C:\WINDOWS\SYSTEM32\dbgcore.DLL
0x00007fff339a0000 - 0x00007fff33a39000 	C:\WINDOWS\System32\bcryptPrimitives.dll
0x00007fff2cf80000 - 0x00007fff2cf9e000 	C:\Program Files\Java\jdk-24\bin\java.dll
0x00007fff34990000 - 0x00007fff34b2e000 	C:\WINDOWS\System32\ole32.dll
0x00007fff34b60000 - 0x00007fff352a2000 	C:\WINDOWS\System32\SHELL32.dll
0x00007fff33140000 - 0x00007fff332b4000 	C:\WINDOWS\System32\wintypes.dll

dbghelp: loaded successfully - version: 4.0.5 - missing functions: none
symbol engine: initialized successfully - sym options: 0x614 - pdb path: .;C:\Program Files\Java\jdk-24\bin;C:\WINDOWS\SYSTEM32;C:\WINDOWS\WinSxS\amd64_microsoft.windows.common-controls_6595b64144ccf1df_6.0.26100.4202_none_3e0698d4e335f517;C:\Program Files\Java\jdk-24\bin\server

VM Arguments:
jvm_args: -Dfile.encoding=UTF-8 --module-path=C:\Users\Parametrización\Documents\NetBeansProjects\Gestor_Tareas\build\classes 
java_command: Asignar_Tarea.GUI_Asignar_Tarea
java_class_path (initial): D:\mysql-connector-j-9.3.0\mysql-connector-j-9.3.0.jar;C:\Users\Parametrización\Documents\NetBeansProjects\Gestor_Tareas\build\classes
Launcher Type: SUN_STANDARD

[Global flags]
     intx CICompilerCount                          = 3                                         {product} {ergonomic}
     uint ConcGCThreads                            = 2                                         {product} {ergonomic}
     uint G1ConcRefinementThreads                  = 6                                         {product} {ergonomic}
   size_t G1HeapRegionSize                         = 2097152                                   {product} {ergonomic}
   size_t InitialHeapSize                          = 266338304                                 {product} {ergonomic}
   size_t MarkStackSize                            = 4194304                                   {product} {ergonomic}
   size_t MarkStackSizeMax                         = 536870912                                 {product} {ergonomic}
   size_t MaxHeapSize                              = 4248829952                                {product} {ergonomic}
   size_t MinHeapDeltaBytes                        = 2097152                                   {product} {ergonomic}
   size_t MinHeapSize                              = 8388608                                   {product} {ergonomic}
    uintx NonNMethodCodeHeapSize                   = 5832704                                {pd product} {ergonomic}
    uintx NonProfiledCodeHeapSize                  = 122945536                              {pd product} {ergonomic}
    uintx ProfiledCodeHeapSize                     = 122880000                              {pd product} {ergonomic}
    uintx ReservedCodeCacheSize                    = 251658240                              {pd product} {ergonomic}
     bool SegmentedCodeCache                       = true                                      {product} {ergonomic}
   size_t SoftMaxHeapSize                          = 4248829952                             {manageable} {ergonomic}
     bool UseCompressedOops                        = true                           {product lp64_product} {ergonomic}
     bool UseG1GC                                  = true                                      {product} {ergonomic}
     bool UseLargePagesIndividualAllocation        = false                                  {pd product} {ergonomic}

Logging:
Log output configuration:
 #0: stdout all=warning uptime,level,tags foldmultilines=false
 #1: stderr all=off uptime,level,tags foldmultilines=false

Environment Variables:
PATH=C:\Program Files\Common Files\Oracle\Java\javapath;C:\WINDOWS\system32;C:\WINDOWS;C:\WINDOWS\System32\Wbem;C:\WINDOWS\System32\WindowsPowerShell\v1.0\;C:\WINDOWS\System32\OpenSSH\;C:\Users\Parametrización\AppData\Local\Microsoft\WindowsApps;C:\Users\Parametrización\AppData\Local\Programs\Microsoft VS Code\bin;
USERNAME=Parametrización
OS=Windows_NT
PROCESSOR_IDENTIFIER=Intel64 Family 6 Model 158 Stepping 10, GenuineIntel
TMP=C:\Users\PARAME~1\AppData\Local\Temp
TEMP=C:\Users\PARAME~1\AppData\Local\Temp




Periodic native trim disabled

---------------  S Y S T E M  ---------------

OS:
 Windows 11 , 64 bit Build 26100 (10.0.26100.4202)
OS uptime: 4 days 2:54 hours
Hyper-V role detected

CPU: total 6 (initial active 6) (6 cores per cpu, 1 threads per core) family 6 model 158 stepping 10 microcode 0xf0, cx8, cmov, fxsr, mmx, 3dnowpref, sse, sse2, sse3, ssse3, sse4.1, sse4.2, popcnt, lzcnt, tsc, tscinvbit, avx, avx2, aes, erms, clmul, bmi1, bmi2, adx, fma, vzeroupper, clflush, clflushopt, hv, rdtscp, f16c
Processor Information for the first 6 processors :
  Max Mhz: 1704, Current Mhz: 1704, Mhz Limit: 1704

Memory: 4k page, system-wide physical 16207M (4113M free)
TotalPageFile size 18255M (AvailPageFile size 160M)
current process WorkingSet (physical memory assigned to process): 13M, peak: 13M
current process commit charge ("private bytes"): 57M, peak: 310M

vm_info: Java HotSpot(TM) 64-Bit Server VM (24+36-3646) for windows-amd64 JRE (24+36-3646), built on 2025-02-06T00:20:43Z with MS VC++ 17.6 (VS2022)

END.
