#
# There is insufficient memory for the Java Runtime Environment to continue.
# Native memory allocation (malloc) failed to allocate 9550544 bytes. Error detail: Chunk::new
# Possible reasons:
#   The system is out of physical RAM or swap space
#   This process is running with CompressedOops enabled, and the Java Heap may be blocking the growth of the native heap
# Possible solutions:
#   Reduce memory load on the system
#   Increase physical memory or swap space
#   Check if swap backing store is full
#   Decrease Java heap size (-Xmx/-Xms)
#   Decrease number of Java threads
#   Decrease Java thread stack sizes (-Xss)
#   Set larger code cache with -XX:ReservedCodeCacheSize=
#   JVM is running with Zero Based Compressed Oops mode in which the Java heap is
#     placed in the first 32GB address space. The Java Heap base address is the
#     maximum limit for the native heap growth. Please use -XX:HeapBaseMinAddress
#     to set the Java Heap base and to place the Java Heap above 32GB virtual address.
# This output file may be truncated or incomplete.
#
#  Out of Memory Error (arena.cpp:162), pid=18148, tid=11204
#
# JRE version: Java(TM) SE Runtime Environment (24.0+36) (build 24+36-3646)
# Java VM: Java HotSpot(TM) 64-Bit Server VM (24+36-3646, mixed mode, sharing, tiered, compressed oops, compressed class ptrs, g1 gc, windows-amd64)
# No core dump will be written. Minidumps are not enabled by default on client versions of Windows
#

---------------  S U M M A R Y ------------

Command Line: -Dfile.encoding=UTF-8 --module-path=C:\Users\Parametrización\Documents\NetBeansProjects\Gestor_Tareas\build\classes IFG.Inicio_Sesion

Host: Intel(R) Core(TM) i5-8400T CPU @ 1.70GHz, 6 cores, 15G,  Windows 11 , 64 bit Build 26100 (10.0.26100.4202)
Time: Sat Jun 21 11:14:07 2025 Hora est. Pacífico, Sudamérica elapsed time: 1.953691 seconds (0d 0h 0m 1s)

---------------  T H R E A D  ---------------

Current thread (0x00000196ecd05fc0):  JavaThread "C2 CompilerThread0" daemon [_thread_in_native, id=11204, stack(0x0000004c1ee00000,0x0000004c1ef00000) (1024K)]


Current CompileTask:
C2:1953 1393       4       sun.security.ec.ECOperations::setDouble (463 bytes)

Stack: [0x0000004c1ee00000,0x0000004c1ef00000]
Native frames: (J=compiled Java code, j=interpreted, Vv=VM code, C=native code)
V  [jvm.dll+0x7308c9]  (no source info available)
V  [jvm.dll+0x8d9ca3]  (no source info available)
V  [jvm.dll+0x8dc13d]  (no source info available)
V  [jvm.dll+0x8dc7b3]  (no source info available)
V  [jvm.dll+0x2aa046]  (no source info available)
V  [jvm.dll+0xced8f]  (no source info available)
V  [jvm.dll+0xcefef]  (no source info available)
V  [jvm.dll+0x154d23]  (no source info available)
V  [jvm.dll+0x7360ef]  (no source info available)
V  [jvm.dll+0x26f9dc]  (no source info available)
V  [jvm.dll+0x26e9ff]  (no source info available)
V  [jvm.dll+0x1e9d00]  (no source info available)
V  [jvm.dll+0x27e1bb]  (no source info available)
V  [jvm.dll+0x27c45a]  (no source info available)
V  [jvm.dll+0x42f566]  (no source info available)
V  [jvm.dll+0x87d8fb]  (no source info available)
V  [jvm.dll+0x72efe5]  (no source info available)
C  [ucrtbase.dll+0x37b0]  (no source info available)
C  [KERNEL32.DLL+0x2e8d7]  (no source info available)
C  [ntdll.dll+0x3c34c]  (no source info available)

Lock stack of current Java thread (top to bottom):


---------------  P R O C E S S  ---------------

Threads class SMR info:
_java_thread_list=0x00000196c5a49010, length=17, elements={
0x00000196ecced240, 0x00000196eccedf70, 0x00000196eccf6da0, 0x00000196eccfa450,
0x00000196eccf91b0, 0x00000196eccfd150, 0x00000196ecd05fc0, 0x00000196ecd076f0,
0x00000196c50ebb80, 0x00000196c51fb7e0, 0x00000196c521ddf0, 0x00000196c5a0ed70,
0x00000196c5a0f4b0, 0x00000196c565e970, 0x00000196c5a80270, 0x00000196cbc1dc00,
0x00000196c5af8b60
}

Java Threads: ( => current thread )
  0x00000196ecced240 JavaThread "Reference Handler"          daemon [_thread_blocked, id=17184, stack(0x0000004c1e800000,0x0000004c1e900000) (1024K)]
  0x00000196eccedf70 JavaThread "Finalizer"                  daemon [_thread_blocked, id=14592, stack(0x0000004c1e900000,0x0000004c1ea00000) (1024K)]
  0x00000196eccf6da0 JavaThread "Signal Dispatcher"          daemon [_thread_blocked, id=14012, stack(0x0000004c1ea00000,0x0000004c1eb00000) (1024K)]
  0x00000196eccfa450 JavaThread "Attach Listener"            daemon [_thread_blocked, id=9940, stack(0x0000004c1eb00000,0x0000004c1ec00000) (1024K)]
  0x00000196eccf91b0 JavaThread "Service Thread"             daemon [_thread_blocked, id=4976, stack(0x0000004c1ec00000,0x0000004c1ed00000) (1024K)]
  0x00000196eccfd150 JavaThread "Monitor Deflation Thread"   daemon [_thread_blocked, id=20512, stack(0x0000004c1ed00000,0x0000004c1ee00000) (1024K)]
=>0x00000196ecd05fc0 JavaThread "C2 CompilerThread0"         daemon [_thread_in_native, id=11204, stack(0x0000004c1ee00000,0x0000004c1ef00000) (1024K)]
  0x00000196ecd076f0 JavaThread "C1 CompilerThread0"         daemon [_thread_in_native, id=19720, stack(0x0000004c1ef00000,0x0000004c1f000000) (1024K)]
  0x00000196c50ebb80 JavaThread "Common-Cleaner"             daemon [_thread_blocked, id=20624, stack(0x0000004c1f000000,0x0000004c1f100000) (1024K)]
  0x00000196c51fb7e0 JavaThread "Notification Thread"        daemon [_thread_blocked, id=21016, stack(0x0000004c1f100000,0x0000004c1f200000) (1024K)]
  0x00000196c521ddf0 JavaThread "C2 CompilerThread1"         daemon [_thread_in_native, id=17680, stack(0x0000004c1f200000,0x0000004c1f300000) (1024K)]
  0x00000196c5a0ed70 JavaThread "Java2D Disposer"            daemon [_thread_blocked, id=21080, stack(0x0000004c1f300000,0x0000004c1f400000) (1024K)]
  0x00000196c5a0f4b0 JavaThread "AWT-Shutdown"                      [_thread_blocked, id=21100, stack(0x0000004c1f400000,0x0000004c1f500000) (1024K)]
  0x00000196c565e970 JavaThread "AWT-Windows"                daemon [_thread_in_native, id=9056, stack(0x0000004c1f500000,0x0000004c1f600000) (1024K)]
  0x00000196c5a80270 JavaThread "AWT-EventQueue-0"                  [_thread_in_Java, id=12504, stack(0x0000004c1f600000,0x0000004c1f700000) (1024K)]
  0x00000196cbc1dc00 JavaThread "DestroyJavaVM"                     [_thread_blocked, id=21372, stack(0x0000004c1e000000,0x0000004c1e100000) (1024K)]
  0x00000196c5af8b60 JavaThread "mysql-cj-abandoned-connection-cleanup" daemon [_thread_blocked, id=20876, stack(0x0000004c1f700000,0x0000004c1f800000) (1024K)]
Total: 17

Other Threads:
  0x00000196eccdaf60 VMThread "VM Thread"                           [id=19316, stack(0x0000004c1e700000,0x0000004c1e800000) (1024K)]
  0x00000196ecba82b0 WatcherThread "VM Periodic Task Thread"        [id=20504, stack(0x0000004c1e600000,0x0000004c1e700000) (1024K)]
  0x00000196ce06e010 WorkerThread "GC Thread#0"                     [id=16884, stack(0x0000004c1e100000,0x0000004c1e200000) (1024K)]
  0x00000196ce084b00 ConcurrentGCThread "G1 Main Marker"            [id=19764, stack(0x0000004c1e200000,0x0000004c1e300000) (1024K)]
  0x00000196ce085cc0 WorkerThread "G1 Conc#0"                       [id=13120, stack(0x0000004c1e300000,0x0000004c1e400000) (1024K)]
  0x00000196ce0cd130 ConcurrentGCThread "G1 Refine#0"               [id=1564, stack(0x0000004c1e400000,0x0000004c1e500000) (1024K)]
  0x00000196ce0cea70 ConcurrentGCThread "G1 Service"                [id=3772, stack(0x0000004c1e500000,0x0000004c1e600000) (1024K)]
Total: 7

Threads with active compile tasks:
C2 CompilerThread0  2039 1393       4       sun.security.ec.ECOperations::setDouble (463 bytes)
C1 CompilerThread0  2039 1705       3       jdk.internal.classfile.impl.TerminalCodeBuilder::setupTopLocal (93 bytes)
C2 CompilerThread1  2039 1695       4       java.lang.StringBuilder::toString (20 bytes)
Total: 3

VM state: not at safepoint (normal execution)

VM Mutex/Monitor currently owned by a thread: None

Heap address: 0x0000000702c00000, size: 4052 MB, Compressed Oops mode: Zero based, Oop shift amount: 3

CDS archive(s) mapped at: [0x0000019680000000-0x0000019680d40000-0x0000019680d40000), size 13893632, SharedBaseAddress: 0x0000019680000000, ArchiveRelocationMode: 1.
Compressed class space mapped at: 0x0000019681000000-0x00000196c1000000, reserved size: 1073741824
UseCompressedClassPointers 1, UseCompactObjectHeaders 0
Narrow klass pointer bits 32, Max shift 3
Narrow klass base: 0x0000019680000000, Narrow klass shift: 0
Encoding Range: [0x0000019680000000 - 0x0000019780000000), (4294967296 bytes)
Klass Range:    [0x0000019680000000 - 0x00000196c1000000), (1090519040 bytes)
Klass ID Range:  [8 - 1090519033) (1090519025)

GC Precious Log:
 CardTable entry size: 512
 Card Set container configuration: InlinePtr #cards 4 size 8 Array Of Cards #cards 16 size 48 Howl #buckets 8 coarsen threshold 3686 Howl Bitmap #cards 512 size 80 coarsen threshold 460 Card regions per heap region 1 cards per card region 4096
 CPUs: 6 total, 6 available
 Memory: 16207M
 Large Page Support: Disabled
 NUMA Support: Disabled
 Compressed Oops: Enabled (Zero based)
 Heap Region Size: 2M
 Heap Min Capacity: 8M
 Heap Initial Capacity: 254M
 Heap Max Capacity: 4052M
 Pre-touch: Disabled
 Parallel Workers: 6
 Concurrent Workers: 2
 Concurrent Refinement Workers: 6
 Periodic GC: Disabled

Heap:
 garbage-first heap   total reserved 4149248K, committed 262144K, used 29812K [0x0000000702c00000, 0x0000000800000000)
  region size 2048K, 15 young (30720K), 0 survivors (0K)
 Metaspace       used 17960K, committed 18240K, reserved 1114112K
  class space    used 1733K, committed 1856K, reserved 1048576K

Heap Regions: E=young(eden), S=young(survivor), O=old, HS=humongous(starts), HC=humongous(continues), CS=collection set, F=free, TAMS=top-at-mark-start, PB=parsable bottom
|   0|0x0000000702c00000, 0x0000000702c00000, 0x0000000702e00000|  0%| F|  |TAMS 0x0000000702c00000| PB 0x0000000702c00000| Untracked |  0
|   1|0x0000000702e00000, 0x0000000702e00000, 0x0000000703000000|  0%| F|  |TAMS 0x0000000702e00000| PB 0x0000000702e00000| Untracked |  0
|   2|0x0000000703000000, 0x0000000703000000, 0x0000000703200000|  0%| F|  |TAMS 0x0000000703000000| PB 0x0000000703000000| Untracked |  0
|   3|0x0000000703200000, 0x0000000703200000, 0x0000000703400000|  0%| F|  |TAMS 0x0000000703200000| PB 0x0000000703200000| Untracked |  0
|   4|0x0000000703400000, 0x0000000703400000, 0x0000000703600000|  0%| F|  |TAMS 0x0000000703400000| PB 0x0000000703400000| Untracked |  0
|   5|0x0000000703600000, 0x0000000703600000, 0x0000000703800000|  0%| F|  |TAMS 0x0000000703600000| PB 0x0000000703600000| Untracked |  0
|   6|0x0000000703800000, 0x0000000703800000, 0x0000000703a00000|  0%| F|  |TAMS 0x0000000703800000| PB 0x0000000703800000| Untracked |  0
|   7|0x0000000703a00000, 0x0000000703a00000, 0x0000000703c00000|  0%| F|  |TAMS 0x0000000703a00000| PB 0x0000000703a00000| Untracked |  0
|   8|0x0000000703c00000, 0x0000000703c00000, 0x0000000703e00000|  0%| F|  |TAMS 0x0000000703c00000| PB 0x0000000703c00000| Untracked |  0
|   9|0x0000000703e00000, 0x0000000703e00000, 0x0000000704000000|  0%| F|  |TAMS 0x0000000703e00000| PB 0x0000000703e00000| Untracked |  0
|  10|0x0000000704000000, 0x0000000704000000, 0x0000000704200000|  0%| F|  |TAMS 0x0000000704000000| PB 0x0000000704000000| Untracked |  0
|  11|0x0000000704200000, 0x0000000704200000, 0x0000000704400000|  0%| F|  |TAMS 0x0000000704200000| PB 0x0000000704200000| Untracked |  0
|  12|0x0000000704400000, 0x0000000704400000, 0x0000000704600000|  0%| F|  |TAMS 0x0000000704400000| PB 0x0000000704400000| Untracked |  0
|  13|0x0000000704600000, 0x0000000704600000, 0x0000000704800000|  0%| F|  |TAMS 0x0000000704600000| PB 0x0000000704600000| Untracked |  0
|  14|0x0000000704800000, 0x0000000704800000, 0x0000000704a00000|  0%| F|  |TAMS 0x0000000704800000| PB 0x0000000704800000| Untracked |  0
|  15|0x0000000704a00000, 0x0000000704a00000, 0x0000000704c00000|  0%| F|  |TAMS 0x0000000704a00000| PB 0x0000000704a00000| Untracked |  0
|  16|0x0000000704c00000, 0x0000000704c00000, 0x0000000704e00000|  0%| F|  |TAMS 0x0000000704c00000| PB 0x0000000704c00000| Untracked |  0
|  17|0x0000000704e00000, 0x0000000704e00000, 0x0000000705000000|  0%| F|  |TAMS 0x0000000704e00000| PB 0x0000000704e00000| Untracked |  0
|  18|0x0000000705000000, 0x0000000705000000, 0x0000000705200000|  0%| F|  |TAMS 0x0000000705000000| PB 0x0000000705000000| Untracked |  0
|  19|0x0000000705200000, 0x0000000705200000, 0x0000000705400000|  0%| F|  |TAMS 0x0000000705200000| PB 0x0000000705200000| Untracked |  0
|  20|0x0000000705400000, 0x0000000705400000, 0x0000000705600000|  0%| F|  |TAMS 0x0000000705400000| PB 0x0000000705400000| Untracked |  0
|  21|0x0000000705600000, 0x0000000705600000, 0x0000000705800000|  0%| F|  |TAMS 0x0000000705600000| PB 0x0000000705600000| Untracked |  0
|  22|0x0000000705800000, 0x0000000705800000, 0x0000000705a00000|  0%| F|  |TAMS 0x0000000705800000| PB 0x0000000705800000| Untracked |  0
|  23|0x0000000705a00000, 0x0000000705a00000, 0x0000000705c00000|  0%| F|  |TAMS 0x0000000705a00000| PB 0x0000000705a00000| Untracked |  0
|  24|0x0000000705c00000, 0x0000000705c00000, 0x0000000705e00000|  0%| F|  |TAMS 0x0000000705c00000| PB 0x0000000705c00000| Untracked |  0
|  25|0x0000000705e00000, 0x0000000705e00000, 0x0000000706000000|  0%| F|  |TAMS 0x0000000705e00000| PB 0x0000000705e00000| Untracked |  0
|  26|0x0000000706000000, 0x0000000706000000, 0x0000000706200000|  0%| F|  |TAMS 0x0000000706000000| PB 0x0000000706000000| Untracked |  0
|  27|0x0000000706200000, 0x0000000706200000, 0x0000000706400000|  0%| F|  |TAMS 0x0000000706200000| PB 0x0000000706200000| Untracked |  0
|  28|0x0000000706400000, 0x0000000706400000, 0x0000000706600000|  0%| F|  |TAMS 0x0000000706400000| PB 0x0000000706400000| Untracked |  0
|  29|0x0000000706600000, 0x0000000706600000, 0x0000000706800000|  0%| F|  |TAMS 0x0000000706600000| PB 0x0000000706600000| Untracked |  0
|  30|0x0000000706800000, 0x0000000706800000, 0x0000000706a00000|  0%| F|  |TAMS 0x0000000706800000| PB 0x0000000706800000| Untracked |  0
|  31|0x0000000706a00000, 0x0000000706a00000, 0x0000000706c00000|  0%| F|  |TAMS 0x0000000706a00000| PB 0x0000000706a00000| Untracked |  0
|  32|0x0000000706c00000, 0x0000000706c00000, 0x0000000706e00000|  0%| F|  |TAMS 0x0000000706c00000| PB 0x0000000706c00000| Untracked |  0
|  33|0x0000000706e00000, 0x0000000706e00000, 0x0000000707000000|  0%| F|  |TAMS 0x0000000706e00000| PB 0x0000000706e00000| Untracked |  0
|  34|0x0000000707000000, 0x0000000707000000, 0x0000000707200000|  0%| F|  |TAMS 0x0000000707000000| PB 0x0000000707000000| Untracked |  0
|  35|0x0000000707200000, 0x0000000707200000, 0x0000000707400000|  0%| F|  |TAMS 0x0000000707200000| PB 0x0000000707200000| Untracked |  0
|  36|0x0000000707400000, 0x0000000707400000, 0x0000000707600000|  0%| F|  |TAMS 0x0000000707400000| PB 0x0000000707400000| Untracked |  0
|  37|0x0000000707600000, 0x0000000707600000, 0x0000000707800000|  0%| F|  |TAMS 0x0000000707600000| PB 0x0000000707600000| Untracked |  0
|  38|0x0000000707800000, 0x0000000707800000, 0x0000000707a00000|  0%| F|  |TAMS 0x0000000707800000| PB 0x0000000707800000| Untracked |  0
|  39|0x0000000707a00000, 0x0000000707a00000, 0x0000000707c00000|  0%| F|  |TAMS 0x0000000707a00000| PB 0x0000000707a00000| Untracked |  0
|  40|0x0000000707c00000, 0x0000000707c00000, 0x0000000707e00000|  0%| F|  |TAMS 0x0000000707c00000| PB 0x0000000707c00000| Untracked |  0
|  41|0x0000000707e00000, 0x0000000707e00000, 0x0000000708000000|  0%| F|  |TAMS 0x0000000707e00000| PB 0x0000000707e00000| Untracked |  0
|  42|0x0000000708000000, 0x0000000708000000, 0x0000000708200000|  0%| F|  |TAMS 0x0000000708000000| PB 0x0000000708000000| Untracked |  0
|  43|0x0000000708200000, 0x0000000708200000, 0x0000000708400000|  0%| F|  |TAMS 0x0000000708200000| PB 0x0000000708200000| Untracked |  0
|  44|0x0000000708400000, 0x0000000708400000, 0x0000000708600000|  0%| F|  |TAMS 0x0000000708400000| PB 0x0000000708400000| Untracked |  0
|  45|0x0000000708600000, 0x0000000708600000, 0x0000000708800000|  0%| F|  |TAMS 0x0000000708600000| PB 0x0000000708600000| Untracked |  0
|  46|0x0000000708800000, 0x0000000708800000, 0x0000000708a00000|  0%| F|  |TAMS 0x0000000708800000| PB 0x0000000708800000| Untracked |  0
|  47|0x0000000708a00000, 0x0000000708a00000, 0x0000000708c00000|  0%| F|  |TAMS 0x0000000708a00000| PB 0x0000000708a00000| Untracked |  0
|  48|0x0000000708c00000, 0x0000000708c00000, 0x0000000708e00000|  0%| F|  |TAMS 0x0000000708c00000| PB 0x0000000708c00000| Untracked |  0
|  49|0x0000000708e00000, 0x0000000708e00000, 0x0000000709000000|  0%| F|  |TAMS 0x0000000708e00000| PB 0x0000000708e00000| Untracked |  0
|  50|0x0000000709000000, 0x0000000709000000, 0x0000000709200000|  0%| F|  |TAMS 0x0000000709000000| PB 0x0000000709000000| Untracked |  0
|  51|0x0000000709200000, 0x0000000709200000, 0x0000000709400000|  0%| F|  |TAMS 0x0000000709200000| PB 0x0000000709200000| Untracked |  0
|  52|0x0000000709400000, 0x0000000709400000, 0x0000000709600000|  0%| F|  |TAMS 0x0000000709400000| PB 0x0000000709400000| Untracked |  0
|  53|0x0000000709600000, 0x0000000709600000, 0x0000000709800000|  0%| F|  |TAMS 0x0000000709600000| PB 0x0000000709600000| Untracked |  0
|  54|0x0000000709800000, 0x0000000709800000, 0x0000000709a00000|  0%| F|  |TAMS 0x0000000709800000| PB 0x0000000709800000| Untracked |  0
|  55|0x0000000709a00000, 0x0000000709a00000, 0x0000000709c00000|  0%| F|  |TAMS 0x0000000709a00000| PB 0x0000000709a00000| Untracked |  0
|  56|0x0000000709c00000, 0x0000000709c00000, 0x0000000709e00000|  0%| F|  |TAMS 0x0000000709c00000| PB 0x0000000709c00000| Untracked |  0
|  57|0x0000000709e00000, 0x0000000709e00000, 0x000000070a000000|  0%| F|  |TAMS 0x0000000709e00000| PB 0x0000000709e00000| Untracked |  0
|  58|0x000000070a000000, 0x000000070a000000, 0x000000070a200000|  0%| F|  |TAMS 0x000000070a000000| PB 0x000000070a000000| Untracked |  0
|  59|0x000000070a200000, 0x000000070a200000, 0x000000070a400000|  0%| F|  |TAMS 0x000000070a200000| PB 0x000000070a200000| Untracked |  0
|  60|0x000000070a400000, 0x000000070a400000, 0x000000070a600000|  0%| F|  |TAMS 0x000000070a400000| PB 0x000000070a400000| Untracked |  0
|  61|0x000000070a600000, 0x000000070a600000, 0x000000070a800000|  0%| F|  |TAMS 0x000000070a600000| PB 0x000000070a600000| Untracked |  0
|  62|0x000000070a800000, 0x000000070a800000, 0x000000070aa00000|  0%| F|  |TAMS 0x000000070a800000| PB 0x000000070a800000| Untracked |  0
|  63|0x000000070aa00000, 0x000000070aa00000, 0x000000070ac00000|  0%| F|  |TAMS 0x000000070aa00000| PB 0x000000070aa00000| Untracked |  0
|  64|0x000000070ac00000, 0x000000070ac00000, 0x000000070ae00000|  0%| F|  |TAMS 0x000000070ac00000| PB 0x000000070ac00000| Untracked |  0
|  65|0x000000070ae00000, 0x000000070ae00000, 0x000000070b000000|  0%| F|  |TAMS 0x000000070ae00000| PB 0x000000070ae00000| Untracked |  0
|  66|0x000000070b000000, 0x000000070b000000, 0x000000070b200000|  0%| F|  |TAMS 0x000000070b000000| PB 0x000000070b000000| Untracked |  0
|  67|0x000000070b200000, 0x000000070b200000, 0x000000070b400000|  0%| F|  |TAMS 0x000000070b200000| PB 0x000000070b200000| Untracked |  0
|  68|0x000000070b400000, 0x000000070b400000, 0x000000070b600000|  0%| F|  |TAMS 0x000000070b400000| PB 0x000000070b400000| Untracked |  0
|  69|0x000000070b600000, 0x000000070b600000, 0x000000070b800000|  0%| F|  |TAMS 0x000000070b600000| PB 0x000000070b600000| Untracked |  0
|  70|0x000000070b800000, 0x000000070b800000, 0x000000070ba00000|  0%| F|  |TAMS 0x000000070b800000| PB 0x000000070b800000| Untracked |  0
|  71|0x000000070ba00000, 0x000000070ba00000, 0x000000070bc00000|  0%| F|  |TAMS 0x000000070ba00000| PB 0x000000070ba00000| Untracked |  0
|  72|0x000000070bc00000, 0x000000070bc00000, 0x000000070be00000|  0%| F|  |TAMS 0x000000070bc00000| PB 0x000000070bc00000| Untracked |  0
|  73|0x000000070be00000, 0x000000070be00000, 0x000000070c000000|  0%| F|  |TAMS 0x000000070be00000| PB 0x000000070be00000| Untracked |  0
|  74|0x000000070c000000, 0x000000070c000000, 0x000000070c200000|  0%| F|  |TAMS 0x000000070c000000| PB 0x000000070c000000| Untracked |  0
|  75|0x000000070c200000, 0x000000070c200000, 0x000000070c400000|  0%| F|  |TAMS 0x000000070c200000| PB 0x000000070c200000| Untracked |  0
|  76|0x000000070c400000, 0x000000070c400000, 0x000000070c600000|  0%| F|  |TAMS 0x000000070c400000| PB 0x000000070c400000| Untracked |  0
|  77|0x000000070c600000, 0x000000070c600000, 0x000000070c800000|  0%| F|  |TAMS 0x000000070c600000| PB 0x000000070c600000| Untracked |  0
|  78|0x000000070c800000, 0x000000070c800000, 0x000000070ca00000|  0%| F|  |TAMS 0x000000070c800000| PB 0x000000070c800000| Untracked |  0
|  79|0x000000070ca00000, 0x000000070ca00000, 0x000000070cc00000|  0%| F|  |TAMS 0x000000070ca00000| PB 0x000000070ca00000| Untracked |  0
|  80|0x000000070cc00000, 0x000000070cc00000, 0x000000070ce00000|  0%| F|  |TAMS 0x000000070cc00000| PB 0x000000070cc00000| Untracked |  0
|  81|0x000000070ce00000, 0x000000070ce00000, 0x000000070d000000|  0%| F|  |TAMS 0x000000070ce00000| PB 0x000000070ce00000| Untracked |  0
|  82|0x000000070d000000, 0x000000070d000000, 0x000000070d200000|  0%| F|  |TAMS 0x000000070d000000| PB 0x000000070d000000| Untracked |  0
|  83|0x000000070d200000, 0x000000070d200000, 0x000000070d400000|  0%| F|  |TAMS 0x000000070d200000| PB 0x000000070d200000| Untracked |  0
|  84|0x000000070d400000, 0x000000070d400000, 0x000000070d600000|  0%| F|  |TAMS 0x000000070d400000| PB 0x000000070d400000| Untracked |  0
|  85|0x000000070d600000, 0x000000070d600000, 0x000000070d800000|  0%| F|  |TAMS 0x000000070d600000| PB 0x000000070d600000| Untracked |  0
|  86|0x000000070d800000, 0x000000070d800000, 0x000000070da00000|  0%| F|  |TAMS 0x000000070d800000| PB 0x000000070d800000| Untracked |  0
|  87|0x000000070da00000, 0x000000070da00000, 0x000000070dc00000|  0%| F|  |TAMS 0x000000070da00000| PB 0x000000070da00000| Untracked |  0
|  88|0x000000070dc00000, 0x000000070dc00000, 0x000000070de00000|  0%| F|  |TAMS 0x000000070dc00000| PB 0x000000070dc00000| Untracked |  0
|  89|0x000000070de00000, 0x000000070de00000, 0x000000070e000000|  0%| F|  |TAMS 0x000000070de00000| PB 0x000000070de00000| Untracked |  0
|  90|0x000000070e000000, 0x000000070e000000, 0x000000070e200000|  0%| F|  |TAMS 0x000000070e000000| PB 0x000000070e000000| Untracked |  0
|  91|0x000000070e200000, 0x000000070e200000, 0x000000070e400000|  0%| F|  |TAMS 0x000000070e200000| PB 0x000000070e200000| Untracked |  0
|  92|0x000000070e400000, 0x000000070e400000, 0x000000070e600000|  0%| F|  |TAMS 0x000000070e400000| PB 0x000000070e400000| Untracked |  0
|  93|0x000000070e600000, 0x000000070e600000, 0x000000070e800000|  0%| F|  |TAMS 0x000000070e600000| PB 0x000000070e600000| Untracked |  0
|  94|0x000000070e800000, 0x000000070e800000, 0x000000070ea00000|  0%| F|  |TAMS 0x000000070e800000| PB 0x000000070e800000| Untracked |  0
|  95|0x000000070ea00000, 0x000000070ea00000, 0x000000070ec00000|  0%| F|  |TAMS 0x000000070ea00000| PB 0x000000070ea00000| Untracked |  0
|  96|0x000000070ec00000, 0x000000070ec00000, 0x000000070ee00000|  0%| F|  |TAMS 0x000000070ec00000| PB 0x000000070ec00000| Untracked |  0
|  97|0x000000070ee00000, 0x000000070ee00000, 0x000000070f000000|  0%| F|  |TAMS 0x000000070ee00000| PB 0x000000070ee00000| Untracked |  0
|  98|0x000000070f000000, 0x000000070f000000, 0x000000070f200000|  0%| F|  |TAMS 0x000000070f000000| PB 0x000000070f000000| Untracked |  0
|  99|0x000000070f200000, 0x000000070f200000, 0x000000070f400000|  0%| F|  |TAMS 0x000000070f200000| PB 0x000000070f200000| Untracked |  0
| 100|0x000000070f400000, 0x000000070f400000, 0x000000070f600000|  0%| F|  |TAMS 0x000000070f400000| PB 0x000000070f400000| Untracked |  0
| 101|0x000000070f600000, 0x000000070f600000, 0x000000070f800000|  0%| F|  |TAMS 0x000000070f600000| PB 0x000000070f600000| Untracked |  0
| 102|0x000000070f800000, 0x000000070f800000, 0x000000070fa00000|  0%| F|  |TAMS 0x000000070f800000| PB 0x000000070f800000| Untracked |  0
| 103|0x000000070fa00000, 0x000000070fa00000, 0x000000070fc00000|  0%| F|  |TAMS 0x000000070fa00000| PB 0x000000070fa00000| Untracked |  0
| 104|0x000000070fc00000, 0x000000070fc00000, 0x000000070fe00000|  0%| F|  |TAMS 0x000000070fc00000| PB 0x000000070fc00000| Untracked |  0
| 105|0x000000070fe00000, 0x000000070fe00000, 0x0000000710000000|  0%| F|  |TAMS 0x000000070fe00000| PB 0x000000070fe00000| Untracked |  0
| 106|0x0000000710000000, 0x0000000710000000, 0x0000000710200000|  0%| F|  |TAMS 0x0000000710000000| PB 0x0000000710000000| Untracked |  0
| 107|0x0000000710200000, 0x0000000710200000, 0x0000000710400000|  0%| F|  |TAMS 0x0000000710200000| PB 0x0000000710200000| Untracked |  0
| 108|0x0000000710400000, 0x0000000710400000, 0x0000000710600000|  0%| F|  |TAMS 0x0000000710400000| PB 0x0000000710400000| Untracked |  0
| 109|0x0000000710600000, 0x0000000710600000, 0x0000000710800000|  0%| F|  |TAMS 0x0000000710600000| PB 0x0000000710600000| Untracked |  0
| 110|0x0000000710800000, 0x0000000710800000, 0x0000000710a00000|  0%| F|  |TAMS 0x0000000710800000| PB 0x0000000710800000| Untracked |  0
| 111|0x0000000710a00000, 0x0000000710a00000, 0x0000000710c00000|  0%| F|  |TAMS 0x0000000710a00000| PB 0x0000000710a00000| Untracked |  0
| 112|0x0000000710c00000, 0x0000000710dc2a10, 0x0000000710e00000| 88%| E|  |TAMS 0x0000000710c00000| PB 0x0000000710c00000| Complete |  0
| 113|0x0000000710e00000, 0x0000000711000000, 0x0000000711000000|100%| E|CS|TAMS 0x0000000710e00000| PB 0x0000000710e00000| Complete |  0
| 114|0x0000000711000000, 0x0000000711200000, 0x0000000711200000|100%| E|CS|TAMS 0x0000000711000000| PB 0x0000000711000000| Complete |  0
| 115|0x0000000711200000, 0x0000000711400000, 0x0000000711400000|100%| E|CS|TAMS 0x0000000711200000| PB 0x0000000711200000| Complete |  0
| 116|0x0000000711400000, 0x0000000711600000, 0x0000000711600000|100%| E|CS|TAMS 0x0000000711400000| PB 0x0000000711400000| Complete |  0
| 117|0x0000000711600000, 0x0000000711800000, 0x0000000711800000|100%| E|CS|TAMS 0x0000000711600000| PB 0x0000000711600000| Complete |  0
| 118|0x0000000711800000, 0x0000000711a00000, 0x0000000711a00000|100%| E|CS|TAMS 0x0000000711800000| PB 0x0000000711800000| Complete |  0
| 119|0x0000000711a00000, 0x0000000711c00000, 0x0000000711c00000|100%| E|CS|TAMS 0x0000000711a00000| PB 0x0000000711a00000| Complete |  0
| 120|0x0000000711c00000, 0x0000000711e00000, 0x0000000711e00000|100%| E|CS|TAMS 0x0000000711c00000| PB 0x0000000711c00000| Complete |  0
| 121|0x0000000711e00000, 0x0000000712000000, 0x0000000712000000|100%| E|CS|TAMS 0x0000000711e00000| PB 0x0000000711e00000| Complete |  0
| 122|0x0000000712000000, 0x0000000712200000, 0x0000000712200000|100%| E|CS|TAMS 0x0000000712000000| PB 0x0000000712000000| Complete |  0
| 123|0x0000000712200000, 0x0000000712400000, 0x0000000712400000|100%| E|CS|TAMS 0x0000000712200000| PB 0x0000000712200000| Complete |  0
| 124|0x0000000712400000, 0x0000000712600000, 0x0000000712600000|100%| E|CS|TAMS 0x0000000712400000| PB 0x0000000712400000| Complete |  0
| 125|0x0000000712600000, 0x0000000712800000, 0x0000000712800000|100%| E|CS|TAMS 0x0000000712600000| PB 0x0000000712600000| Complete |  0
| 126|0x0000000712800000, 0x0000000712a00000, 0x0000000712a00000|100%| E|CS|TAMS 0x0000000712800000| PB 0x0000000712800000| Complete |  0
|2025|0x00000007ffe00000, 0x00000007fff1d3c0, 0x0000000800000000| 55%| O|  |TAMS 0x00000007ffe00000| PB 0x00000007ffe00000| Untracked |  0

Card table byte_map: [0x00000196e61b0000,0x00000196e69a0000] _byte_map_base: 0x00000196e299a000

Marking Bits: (CMBitMap*) 0x00000196ce06e630
 Bits: [0x00000196e69a0000, 0x00000196ea8f0000)

Polling page: 0x00000196cd750000

Metaspace:

Usage:
  Non-class:     15.85 MB used.
      Class:      1.69 MB used.
       Both:     17.55 MB used.

Virtual space:
  Non-class space:       64.00 MB reserved,      16.00 MB ( 25%) committed,  1 nodes.
      Class space:        1.00 GB reserved,       1.81 MB ( <1%) committed,  1 nodes.
             Both:        1.06 GB reserved,      17.81 MB (  2%) committed. 

Chunk freelists:
   Non-Class:  25.00 KB
       Class:  14.18 MB
        Both:  14.21 MB

MaxMetaspaceSize: unlimited
CompressedClassSpaceSize: 1.00 GB
Initial GC threshold: 21.00 MB
Current GC threshold: 21.00 MB
CDS: on
 - commit_granule_bytes: 65536.
 - commit_granule_words: 8192.
 - virtual_space_node_default_size: 8388608.
 - enlarge_chunks_in_place: 1.
UseCompressedClassPointers 1, UseCompactObjectHeaders 0
Narrow klass pointer bits 32, Max shift 3
Narrow klass base: 0x0000019680000000, Narrow klass shift: 0
Encoding Range: [0x0000019680000000 - 0x0000019780000000), (4294967296 bytes)
Klass Range:    [0x0000019680000000 - 0x00000196c1000000), (1090519040 bytes)
Klass ID Range:  [8 - 1090519033) (1090519025)


Internal statistics:

num_allocs_failed_limit: 0.
num_arena_births: 168.
num_arena_deaths: 0.
num_vsnodes_births: 2.
num_vsnodes_deaths: 0.
num_space_committed: 285.
num_space_uncommitted: 0.
num_chunks_returned_to_freelist: 0.
num_chunks_taken_from_freelist: 370.
num_chunk_merges: 0.
num_chunk_splits: 221.
num_chunks_enlarged: 132.
num_inconsistent_stats: 0.

CodeHeap 'non-profiled nmethods': size=120064Kb used=539Kb max_used=539Kb free=119524Kb
 bounds [0x00000196de370000, 0x00000196de5e0000, 0x00000196e58b0000]
CodeHeap 'profiled nmethods': size=120000Kb used=2558Kb max_used=2558Kb free=117441Kb
 bounds [0x00000196d68b0000, 0x00000196d6b30000, 0x00000196ddde0000]
CodeHeap 'non-nmethods': size=5696Kb used=1568Kb max_used=1584Kb free=4127Kb
 bounds [0x00000196ddde0000, 0x00000196de050000, 0x00000196de370000]
CodeCache: size=245760Kb, used=4665Kb, max_used=4681Kb, free=241092Kb
 total_blobs=2445, nmethods=1716, adapters=634, full_count=0
Compilation: enabled, stopped_count=0, restarted_count=0

Compilation events (20 events):
Event: 1.103 Thread 0x00000196ecd076f0 1610       3       javax.swing.plaf.nimbus.DerivedColor$UIResource::hashCode (8 bytes)
Event: 1.104 Thread 0x00000196ecd076f0 nmethod 1610 0x00000196d6b08588 code [0x00000196d6b086a0, 0x00000196d6b087e0]
Event: 1.104 Thread 0x00000196ecd076f0 1606       3       javax.swing.plaf.nimbus.NimbusDefaults::getDerivedColor (86 bytes)
Event: 1.104 Thread 0x00000196ecd076f0 nmethod 1606 0x00000196d6b08888 code [0x00000196d6b08a20, 0x00000196d6b09150]
Event: 1.104 Thread 0x00000196ecd076f0 1617       3       javax.swing.plaf.nimbus.NimbusLookAndFeel::getDerivedColor (17 bytes)
Event: 1.104 Thread 0x00000196ecd076f0 nmethod 1617 0x00000196d6b09188 code [0x00000196d6b092a0, 0x00000196d6b09460]
Event: 1.104 Thread 0x00000196ecd076f0 1618       3       javax.swing.plaf.nimbus.NimbusDefaults::getDerivedColor (15 bytes)
Event: 1.104 Thread 0x00000196ecd076f0 nmethod 1618 0x00000196d6b09488 code [0x00000196d6b095a0, 0x00000196d6b096f8]
Event: 1.104 Thread 0x00000196ecd076f0 1619       3       javax.swing.plaf.nimbus.AbstractRegionPainter::decodeColor (39 bytes)
Event: 1.104 Thread 0x00000196ecd076f0 nmethod 1619 0x00000196d6b09788 code [0x00000196d6b09920, 0x00000196d6b09e60]
Event: 1.105 Thread 0x00000196ecd076f0 1615       3       javax.swing.plaf.nimbus.DerivedColor::<init> (33 bytes)
Event: 1.105 Thread 0x00000196ecd076f0 nmethod 1615 0x00000196d6b09e88 code [0x00000196d6b09fa0, 0x00000196d6b0a280]
Event: 1.105 Thread 0x00000196ecd076f0 1616       3       javax.swing.plaf.nimbus.DerivedColor$UIResource::<init> (12 bytes)
Event: 1.105 Thread 0x00000196ecd076f0 nmethod 1616 0x00000196d6b0a308 code [0x00000196d6b0a440, 0x00000196d6b0a6a0]
Event: 1.105 Thread 0x00000196ecd076f0 1609       1       javax.swing.plaf.nimbus.DerivedColor::getRGB (5 bytes)
Event: 1.105 Thread 0x00000196ecd076f0 nmethod 1609 0x00000196de3eeb88 code [0x00000196de3eec80, 0x00000196de3eed48]
Event: 1.105 Thread 0x00000196ecd076f0 1620       1       javax.swing.plaf.synth.SynthContext::getComponent (5 bytes)
Event: 1.105 Thread 0x00000196ecd076f0 nmethod 1620 0x00000196de3eee88 code [0x00000196de3eef80, 0x00000196de3ef048]
Event: 1.105 Thread 0x00000196ecd076f0 1605       3       java.lang.invoke.LambdaFormEditor::bindArgumentL (59 bytes)
Event: 1.105 Thread 0x00000196ecd076f0 nmethod 1605 0x00000196d6b0a708 code [0x00000196d6b0a840, 0x00000196d6b0aae8]

GC Heap History (0 events):
No events

Dll operation events (11 events):
Event: 0.015 Loaded shared library C:\Program Files\Java\jdk-24\bin\java.dll
Event: 0.047 Loaded shared library C:\Program Files\Java\jdk-24\bin\jsvml.dll
Event: 0.077 Loaded shared library C:\Program Files\Java\jdk-24\bin\net.dll
Event: 0.079 Loaded shared library C:\Program Files\Java\jdk-24\bin\nio.dll
Event: 0.106 Loaded shared library C:\Program Files\Java\jdk-24\bin\zip.dll
Event: 0.122 Loaded shared library C:\Program Files\Java\jdk-24\bin\jimage.dll
Event: 0.132 Loaded shared library C:\Program Files\Java\jdk-24\bin\awt.dll
Event: 0.264 Loaded shared library C:\Program Files\Java\jdk-24\bin\freetype.dll
Event: 0.265 Loaded shared library C:\Program Files\Java\jdk-24\bin\fontmanager.dll
Event: 0.546 Loaded shared library C:\Program Files\Java\jdk-24\bin\extnet.dll
Event: 0.802 Loaded shared library C:\Program Files\Java\jdk-24\bin\sunmscapi.dll

Deoptimization events (20 events):
Event: 1.011 Thread 0x00000196c5a80270 Uncommon trap: trap_request=0xffffffd6 fr.pc=0x00000196de3e5570 relative=0x0000000000000630
Event: 1.011 Thread 0x00000196c5a80270 Uncommon trap: reason=array_check action=maybe_recompile pc=0x00000196de3e5570 method=jdk.internal.classfile.impl.SplitConstantPool.internalAdd(Ljava/lang/classfile/constantpool/PoolEntry;I)Ljava/lang/classfile/constantpool/PoolEntry; @ 46 c2
Event: 1.011 Thread 0x00000196c5a80270 DEOPT PACKING pc=0x00000196de3e5570 sp=0x0000004c1f6fd850
Event: 1.011 Thread 0x00000196c5a80270 DEOPT UNPACKING pc=0x00000196ddef6302 sp=0x0000004c1f6fd800 mode 2
Event: 1.011 Thread 0x00000196c5a80270 Uncommon trap: trap_request=0xffffffd6 fr.pc=0x00000196de3e5570 relative=0x0000000000000630
Event: 1.011 Thread 0x00000196c5a80270 Uncommon trap: reason=array_check action=maybe_recompile pc=0x00000196de3e5570 method=jdk.internal.classfile.impl.SplitConstantPool.internalAdd(Ljava/lang/classfile/constantpool/PoolEntry;I)Ljava/lang/classfile/constantpool/PoolEntry; @ 46 c2
Event: 1.011 Thread 0x00000196c5a80270 DEOPT PACKING pc=0x00000196de3e5570 sp=0x0000004c1f6fd6a0
Event: 1.011 Thread 0x00000196c5a80270 DEOPT UNPACKING pc=0x00000196ddef6302 sp=0x0000004c1f6fd650 mode 2
Event: 1.011 Thread 0x00000196c5a80270 Uncommon trap: trap_request=0xffffffd6 fr.pc=0x00000196de3e5570 relative=0x0000000000000630
Event: 1.011 Thread 0x00000196c5a80270 Uncommon trap: reason=array_check action=maybe_recompile pc=0x00000196de3e5570 method=jdk.internal.classfile.impl.SplitConstantPool.internalAdd(Ljava/lang/classfile/constantpool/PoolEntry;I)Ljava/lang/classfile/constantpool/PoolEntry; @ 46 c2
Event: 1.012 Thread 0x00000196c5a80270 DEOPT PACKING pc=0x00000196de3e5570 sp=0x0000004c1f6fd5f0
Event: 1.012 Thread 0x00000196c5a80270 DEOPT UNPACKING pc=0x00000196ddef6302 sp=0x0000004c1f6fd5a0 mode 2
Event: 1.102 Thread 0x00000196c5a80270 Uncommon trap: trap_request=0xffffff4d fr.pc=0x00000196de3ed1fc relative=0x000000000000083c
Event: 1.102 Thread 0x00000196c5a80270 Uncommon trap: reason=unstable_if action=reinterpret pc=0x00000196de3ed1fc method=java.util.HashMap.putVal(ILjava/lang/Object;Ljava/lang/Object;ZZ)Ljava/lang/Object; @ 109 c2
Event: 1.102 Thread 0x00000196c5a80270 DEOPT PACKING pc=0x00000196de3ed1fc sp=0x0000004c1f6fdfa0
Event: 1.102 Thread 0x00000196c5a80270 DEOPT UNPACKING pc=0x00000196ddef6302 sp=0x0000004c1f6fdec0 mode 2
Event: 1.102 Thread 0x00000196c5a80270 Uncommon trap: trap_request=0xffffff4d fr.pc=0x00000196de3be4ec relative=0x000000000000082c
Event: 1.102 Thread 0x00000196c5a80270 Uncommon trap: reason=unstable_if action=reinterpret pc=0x00000196de3be4ec method=java.util.HashMap.putVal(ILjava/lang/Object;Ljava/lang/Object;ZZ)Ljava/lang/Object; @ 109 c2
Event: 1.102 Thread 0x00000196c5a80270 DEOPT PACKING pc=0x00000196de3be4ec sp=0x0000004c1f6fdf20
Event: 1.102 Thread 0x00000196c5a80270 DEOPT UNPACKING pc=0x00000196ddef6302 sp=0x0000004c1f6fdec8 mode 2

Classes loaded (20 events):
Event: 1.108 Loading class java/awt/peer/FramePeer done
Event: 1.108 Loading class sun/awt/windows/WWindowPeer
Event: 1.109 Loading class sun/awt/windows/WPanelPeer
Event: 1.109 Loading class java/awt/peer/PanelPeer
Event: 1.109 Loading class java/awt/peer/PanelPeer done
Event: 1.109 Loading class sun/awt/windows/WCanvasPeer
Event: 1.109 Loading class java/awt/peer/CanvasPeer
Event: 1.109 Loading class java/awt/peer/CanvasPeer done
Event: 1.109 Loading class sun/awt/windows/WCanvasPeer done
Event: 1.109 Loading class sun/awt/windows/WPanelPeer done
Event: 1.109 Loading class sun/awt/windows/WWindowPeer done
Event: 1.109 Loading class sun/awt/windows/WFramePeer done
Event: 1.109 Loading class sun/awt/windows/WWindowPeer$ActiveWindowListener
Event: 1.110 Loading class sun/awt/windows/WWindowPeer$ActiveWindowListener done
Event: 1.110 Loading class sun/awt/windows/WWindowPeer$GuiDisposedListener
Event: 1.110 Loading class sun/awt/windows/WWindowPeer$GuiDisposedListener done
Event: 1.110 Loading class sun/awt/RepaintArea
Event: 1.110 Loading class sun/awt/RepaintArea done
Event: 1.110 Loading class sun/awt/ExtendedKeyCodes
Event: 1.951 Loading class sun/awt/ExtendedKeyCodes done

Classes unloaded (0 events):
No events

Classes redefined (0 events):
No events

Internal exceptions (20 events):
Event: 0.328 Thread 0x00000196cbc1dc00 Exception <a 'java/lang/ClassNotFoundException'{0x000000071216dd98}: com/sun/swing/internal/plaf/basic/resources/spi/basicProvider> (0x000000071216dd98) 
thrown [s\open\src\hotspot\share\classfile\systemDictionary.cpp, line 327]
Event: 0.354 Thread 0x00000196c5a80270 Exception <a 'java/lang/ClassNotFoundException'{0x0000000711ee62b8}: com/sun/swing/internal/plaf/synth/resources/spi/synthProvider> (0x0000000711ee62b8) 
thrown [s\open\src\hotspot\share\classfile\systemDictionary.cpp, line 327]
Event: 0.372 Thread 0x00000196c5a80270 Exception <a 'java/lang/NoSuchMethodError'{0x0000000711f32c70}: 'int java.lang.invoke.Invokers$Holder.invokeExact_MT(java.lang.Object, java.lang.Object)'> (0x0000000711f32c70) 
thrown [s\open\src\hotspot\share\interpreter\linkResolver.cpp, line 805]
Event: 0.387 Thread 0x00000196c5a80270 Exception <a 'java/lang/NoSuchMethodError'{0x0000000711f69638}: 'void java.lang.invoke.DirectMethodHandle$Holder.invokeStatic(java.lang.Object, java.lang.Object)'> (0x0000000711f69638) 
thrown [s\open\src\hotspot\share\interpreter\linkResolver.cpp, line 805]
Event: 0.414 Thread 0x00000196c5a80270 Exception <a 'java/lang/NoSuchMethodError'{0x0000000711c5c9c0}: 'java.lang.Object java.lang.invoke.DirectMethodHandle$Holder.invokeInterface(java.lang.Object, java.lang.Object)'> (0x0000000711c5c9c0) 
thrown [s\open\src\hotspot\share\interpreter\linkResolver.cpp, line 805]
Event: 0.451 Thread 0x00000196c5a80270 Exception <a 'java/lang/NoSuchMethodError'{0x0000000711b17df0}: 'void java.lang.invoke.DirectMethodHandle$Holder.invokeStatic(java.lang.Object, java.lang.Object, java.lang.Object)'> (0x0000000711b17df0) 
thrown [s\open\src\hotspot\share\interpreter\linkResolver.cpp, line 805]
Event: 0.452 Thread 0x00000196c5a80270 Exception <a 'java/lang/NoSuchMethodError'{0x0000000711b2f840}: 'java.lang.Object java.lang.invoke.DirectMethodHandle$Holder.invokeVirtual(java.lang.Object, java.lang.Object, java.lang.Object)'> (0x0000000711b2f840) 
thrown [s\open\src\hotspot\share\interpreter\linkResolver.cpp, line 805]
Event: 0.639 Thread 0x00000196c5a80270 Exception <a 'java/lang/NoSuchMethodError'{0x00000007115636b0}: 'void java.lang.invoke.DirectMethodHandle$Holder.invokeStaticInit(java.lang.Object, java.lang.Object)'> (0x00000007115636b0) 
thrown [s\open\src\hotspot\share\interpreter\linkResolver.cpp, line 805]
Event: 0.712 Thread 0x00000196c5a80270 Exception <a 'sun/nio/fs/WindowsException'{0x00000007112b6780}> (0x00000007112b6780) 
thrown [s\open\src\hotspot\share\prims\jni.cpp, line 518]
Event: 0.752 Thread 0x00000196c5a80270 Exception <a 'java/lang/NoSuchMethodError'{0x000000071135fb20}: 'java.lang.Object java.lang.invoke.DirectMethodHandle$Holder.invokeStaticInit(java.lang.Object, int, int, int, int)'> (0x000000071135fb20) 
thrown [s\open\src\hotspot\share\interpreter\linkResolver.cpp, line 805]
Event: 0.778 Thread 0x00000196c5a80270 Exception <a 'java/lang/NoSuchMethodError'{0x000000071102d588}: 'java.lang.Object java.lang.invoke.DirectMethodHandle$Holder.invokeStaticInit(java.lang.Object, java.lang.Object, int, int, int, int)'> (0x000000071102d588) 
thrown [s\open\src\hotspot\share\interpreter\linkResolver.cpp, line 805]
Event: 0.827 Thread 0x00000196c5a80270 Exception <a 'java/lang/NoSuchMethodError'{0x00000007110df8e8}: 'int java.lang.invoke.DirectMethodHandle$Holder.invokeSpecial(java.lang.Object, java.lang.Object, java.lang.Object)'> (0x00000007110df8e8) 
thrown [s\open\src\hotspot\share\interpreter\linkResolver.cpp, line 805]
Event: 0.936 Thread 0x00000196c5a80270 Exception <a 'java/lang/NoSuchMethodError'{0x0000000711156fe8}: 'void java.lang.invoke.DirectMethodHandle$Holder.invokeVirtual(java.lang.Object, java.lang.Object)'> (0x0000000711156fe8) 
thrown [s\open\src\hotspot\share\interpreter\linkResolver.cpp, line 805]
Event: 0.982 Thread 0x00000196c5a80270 Exception <a 'java/lang/NoSuchMethodError'{0x0000000710e283c0}: 'java.lang.Object java.lang.invoke.Invokers$Holder.invoke_MT(java.lang.Object, java.lang.Object, java.lang.Object, java.lang.Object, java.lang.Object, java.lang.Object)'> (0x0000000710e283c0) 
thrown [s\open\src\hotspot\share\interpreter\linkResolver.cpp, line 805]
Event: 0.983 Thread 0x00000196c5a80270 Exception <a 'java/lang/NoSuchMethodError'{0x0000000710e31090}: 'java.lang.Object java.lang.invoke.DirectMethodHandle$Holder.invokeStatic(java.lang.Object, java.lang.Object, int)'> (0x0000000710e31090) 
thrown [s\open\src\hotspot\share\interpreter\linkResolver.cpp, line 805]
Event: 0.986 Thread 0x00000196c5a80270 Exception <a 'java/lang/NoSuchMethodError'{0x0000000710e529a0}: 'void java.lang.invoke.DelegatingMethodHandle$Holder.delegate(java.lang.Object, java.lang.Object, int, java.lang.Object)'> (0x0000000710e529a0) 
thrown [s\open\src\hotspot\share\interpreter\linkResolver.cpp, line 805]
Event: 1.018 Thread 0x00000196c5a80270 Exception <a 'java/lang/NoSuchMethodError'{0x0000000710f5d268}: 'void java.lang.invoke.DirectMethodHandle$Holder.invokeStatic(java.lang.Object, java.lang.Object, java.lang.Object, java.lang.Object)'> (0x0000000710f5d268) 
thrown [s\open\src\hotspot\share\interpreter\linkResolver.cpp, line 805]
Event: 1.052 Thread 0x00000196c5a80270 Exception <a 'java/lang/NoSuchMethodError'{0x0000000710ff9138}: 'void java.lang.invoke.DirectMethodHandle$Holder.invokeInterface(java.lang.Object, java.lang.Object, java.lang.Object, java.lang.Object)'> (0x0000000710ff9138) 
thrown [s\open\src\hotspot\share\interpreter\linkResolver.cpp, line 805]
Event: 1.069 Thread 0x00000196c5a80270 Exception <a 'java/lang/NoSuchMethodError'{0x0000000710c3d5f0}: 'java.lang.Object java.lang.invoke.DirectMethodHandle$Holder.newInvokeSpecial(java.lang.Object, java.lang.Object, int)'> (0x0000000710c3d5f0) 
thrown [s\open\src\hotspot\share\interpreter\linkResolver.cpp, line 805]
Event: 1.072 Thread 0x00000196c5a80270 Exception <a 'java/lang/NoSuchMethodError'{0x0000000710c55db8}: 'java.lang.Object java.lang.invoke.DirectMethodHandle$Holder.invokeStatic(java.lang.Object, java.lang.Object, java.lang.Object, java.lang.Object, int)'> (0x0000000710c55db8) 
thrown [s\open\src\hotspot\share\interpreter\linkResolver.cpp, line 805]

VM Operations (16 events):
Event: 0.083 Executing VM operation: HandshakeAllThreads (Deoptimize)
Event: 0.083 Executing VM operation: HandshakeAllThreads (Deoptimize) done
Event: 0.391 Executing VM operation: HandshakeAllThreads (Deoptimize)
Event: 0.391 Executing VM operation: HandshakeAllThreads (Deoptimize) done
Event: 0.534 Executing VM operation: HandshakeAllThreads (Deoptimize)
Event: 0.534 Executing VM operation: HandshakeAllThreads (Deoptimize) done
Event: 0.718 Executing VM operation: HandshakeAllThreads (Deoptimize)
Event: 0.718 Executing VM operation: HandshakeAllThreads (Deoptimize) done
Event: 0.951 Executing VM operation: HandshakeAllThreads (Deoptimize)
Event: 0.951 Executing VM operation: HandshakeAllThreads (Deoptimize) done
Event: 0.984 Executing VM operation: HandshakeAllThreads (Deoptimize)
Event: 0.984 Executing VM operation: HandshakeAllThreads (Deoptimize) done
Event: 0.990 Executing VM operation: HandshakeAllThreads (Deoptimize)
Event: 0.990 Executing VM operation: HandshakeAllThreads (Deoptimize) done
Event: 1.091 Executing VM operation: HandshakeAllThreads (Deoptimize)
Event: 1.091 Executing VM operation: HandshakeAllThreads (Deoptimize) done

Memory protections (0 events):
No events

Nmethod flushes (0 events):
No events

Events (19 events):
Event: 0.031 Thread 0x00000196cbc1dc00 Thread added: 0x00000196cbc1dc00
Event: 0.044 Thread 0x00000196cbc1dc00 Thread added: 0x00000196ecced240
Event: 0.044 Thread 0x00000196cbc1dc00 Thread added: 0x00000196eccedf70
Event: 0.044 Thread 0x00000196cbc1dc00 Thread added: 0x00000196eccf6da0
Event: 0.044 Thread 0x00000196cbc1dc00 Thread added: 0x00000196eccfa450
Event: 0.044 Thread 0x00000196cbc1dc00 Thread added: 0x00000196eccf91b0
Event: 0.045 Thread 0x00000196cbc1dc00 Thread added: 0x00000196eccfd150
Event: 0.045 Thread 0x00000196cbc1dc00 Thread added: 0x00000196ecd05fc0
Event: 0.045 Thread 0x00000196cbc1dc00 Thread added: 0x00000196ecd076f0
Event: 0.065 Thread 0x00000196cbc1dc00 Thread added: 0x00000196c50ebb80
Event: 0.094 Thread 0x00000196cbc1dc00 Thread added: 0x00000196c51fb7e0
Event: 0.098 Thread 0x00000196ecd076f0 Thread added: 0x00000196c521ddf0
Event: 0.177 Thread 0x00000196cbc1dc00 Thread added: 0x00000196c5a0ed70
Event: 0.177 Thread 0x00000196cbc1dc00 Thread added: 0x00000196c5a0f4b0
Event: 0.178 Thread 0x00000196cbc1dc00 Thread added: 0x00000196c565e970
Event: 0.339 Thread 0x00000196cbc1dc00 Thread added: 0x00000196c5a80270
Event: 0.339 Thread 0x00000196cbc1dc00 Thread exited: 0x00000196cbc1dc00
Event: 0.340 Thread 0x00000196cbc1dc00 Thread added: 0x00000196cbc1dc00
Event: 0.388 Thread 0x00000196c5a80270 Thread added: 0x00000196c5af8b60


Dynamic libraries:
0x00007ff636e40000 - 0x00007ff636e50000 	C:\Program Files\Java\jdk-24\bin\java.exe
0x00007fff35f60000 - 0x00007fff361c5000 	C:\WINDOWS\SYSTEM32\ntdll.dll
0x00007fff35c70000 - 0x00007fff35d39000 	C:\WINDOWS\System32\KERNEL32.DLL
0x00007fff33500000 - 0x00007fff338e8000 	C:\WINDOWS\System32\KERNELBASE.dll
0x00007fff33380000 - 0x00007fff334cb000 	C:\WINDOWS\System32\ucrtbase.dll
0x00007ffef6fb0000 - 0x00007ffef6fcb000 	C:\Program Files\Java\jdk-24\bin\VCRUNTIME140.dll
0x00007fff2e5e0000 - 0x00007fff2e5f6000 	C:\Program Files\Java\jdk-24\bin\jli.dll
0x00007fff33db0000 - 0x00007fff33f7a000 	C:\WINDOWS\System32\USER32.dll
0x00007fff1bda0000 - 0x00007fff1c03a000 	C:\WINDOWS\WinSxS\amd64_microsoft.windows.common-controls_6595b64144ccf1df_6.0.26100.4202_none_3e0698d4e335f517\COMCTL32.dll
0x00007fff334d0000 - 0x00007fff334f7000 	C:\WINDOWS\System32\win32u.dll
0x00007fff35e40000 - 0x00007fff35e6b000 	C:\WINDOWS\System32\GDI32.dll
0x00007fff33d00000 - 0x00007fff33da9000 	C:\WINDOWS\System32\msvcrt.dll
0x00007fff33a40000 - 0x00007fff33b77000 	C:\WINDOWS\System32\gdi32full.dll
0x00007fff338f0000 - 0x00007fff33993000 	C:\WINDOWS\System32\msvcp_win.dll
0x00007fff35e70000 - 0x00007fff35ea0000 	C:\WINDOWS\System32\IMM32.DLL
0x00007fff134b0000 - 0x00007fff134bc000 	C:\Program Files\Java\jdk-24\bin\vcruntime140_1.dll
0x00007ffe578a0000 - 0x00007ffe5792e000 	C:\Program Files\Java\jdk-24\bin\msvcp140.dll
0x00007ffe4d290000 - 0x00007ffe4e032000 	C:\Program Files\Java\jdk-24\bin\server\jvm.dll
0x00007fff34640000 - 0x00007fff346f3000 	C:\WINDOWS\System32\ADVAPI32.dll
0x00007fff34000000 - 0x00007fff340a6000 	C:\WINDOWS\System32\sechost.dll
0x00007fff34700000 - 0x00007fff34815000 	C:\WINDOWS\System32\RPCRT4.dll
0x00007fff348b0000 - 0x00007fff34924000 	C:\WINDOWS\System32\WS2_32.dll
0x00007fff32f00000 - 0x00007fff32f5e000 	C:\WINDOWS\SYSTEM32\POWRPROF.dll
0x00007fff1e5f0000 - 0x00007fff1e625000 	C:\WINDOWS\SYSTEM32\WINMM.dll
0x00007fff2cd80000 - 0x00007fff2cd8b000 	C:\WINDOWS\SYSTEM32\VERSION.dll
0x00007fff32ee0000 - 0x00007fff32ef4000 	C:\WINDOWS\SYSTEM32\UMPDC.dll
0x00007fff31e40000 - 0x00007fff31e5b000 	C:\WINDOWS\SYSTEM32\kernel.appcore.dll
0x00007fff0d820000 - 0x00007fff0d82a000 	C:\Program Files\Java\jdk-24\bin\jimage.dll
0x00007fff1c0a0000 - 0x00007fff1c2e1000 	C:\WINDOWS\SYSTEM32\DBGHELP.DLL
0x00007fff342b0000 - 0x00007fff34635000 	C:\WINDOWS\System32\combase.dll
0x00007fff35540000 - 0x00007fff35621000 	C:\WINDOWS\System32\OLEAUT32.dll
0x00007fff1b620000 - 0x00007fff1b659000 	C:\WINDOWS\SYSTEM32\dbgcore.DLL
0x00007fff339a0000 - 0x00007fff33a39000 	C:\WINDOWS\System32\bcryptPrimitives.dll
0x00007ffef2ab0000 - 0x00007ffef2ace000 	C:\Program Files\Java\jdk-24\bin\java.dll
0x00007fff34990000 - 0x00007fff34b2e000 	C:\WINDOWS\System32\ole32.dll
0x00007fff34b60000 - 0x00007fff352a2000 	C:\WINDOWS\System32\SHELL32.dll
0x00007fff33140000 - 0x00007fff332b4000 	C:\WINDOWS\System32\wintypes.dll
0x00007fff30cf0000 - 0x00007fff31548000 	C:\WINDOWS\SYSTEM32\windows.storage.dll
0x00007fff35d40000 - 0x00007fff35e31000 	C:\WINDOWS\System32\SHCORE.dll
0x00007fff35eb0000 - 0x00007fff35f1a000 	C:\WINDOWS\System32\shlwapi.dll
0x00007fff32fc0000 - 0x00007fff32fef000 	C:\WINDOWS\SYSTEM32\profapi.dll
0x00007ffe619e0000 - 0x00007ffe61ab7000 	C:\Program Files\Java\jdk-24\bin\jsvml.dll
0x00007fff0b0b0000 - 0x00007fff0b0c0000 	C:\Program Files\Java\jdk-24\bin\net.dll
0x00007fff323c0000 - 0x00007fff3242a000 	C:\WINDOWS\system32\mswsock.dll
0x00007ffee7470000 - 0x00007ffee7486000 	C:\Program Files\Java\jdk-24\bin\nio.dll
0x00007ffec7670000 - 0x00007ffec7687000 	C:\Program Files\Java\jdk-24\bin\zip.dll
0x00007ffe51590000 - 0x00007ffe5170f000 	C:\Program Files\Java\jdk-24\bin\awt.dll
0x00007fff30100000 - 0x00007fff3019e000 	C:\WINDOWS\SYSTEM32\apphelp.dll
0x00007fff302f0000 - 0x00007fff3039f000 	C:\WINDOWS\system32\uxtheme.dll
0x00007fff340e0000 - 0x00007fff34240000 	C:\WINDOWS\System32\MSCTF.dll
0x00007fff30650000 - 0x00007fff30686000 	C:\WINDOWS\system32\DWMAPI.DLL
0x00007ffe57810000 - 0x00007ffe57897000 	C:\Program Files\Java\jdk-24\bin\freetype.dll
0x00007ffe4d1b0000 - 0x00007ffe4d287000 	C:\Program Files\Java\jdk-24\bin\fontmanager.dll
0x00007fff0f370000 - 0x00007fff0f484000 	C:\WINDOWS\system32\opengl32.dll
0x00007fff11dd0000 - 0x00007fff11dfd000 	C:\WINDOWS\SYSTEM32\GLU32.dll
0x00007fff30430000 - 0x00007fff3047d000 	C:\WINDOWS\SYSTEM32\dxcore.dll
0x00007fff31880000 - 0x00007fff319a7000 	C:\WINDOWS\SYSTEM32\DNSAPI.dll
0x00007fff31840000 - 0x00007fff31873000 	C:\WINDOWS\SYSTEM32\IPHLPAPI.DLL
0x00007fff35740000 - 0x00007fff3574a000 	C:\WINDOWS\System32\NSI.dll
0x00007fff26f30000 - 0x00007fff26f3b000 	C:\Windows\System32\rasadhlp.dll
0x00007fff29700000 - 0x00007fff29786000 	C:\WINDOWS\System32\fwpuclnt.dll
0x00007fff08400000 - 0x00007fff08409000 	C:\Program Files\Java\jdk-24\bin\extnet.dll
0x00007fff326a0000 - 0x00007fff326bb000 	C:\WINDOWS\SYSTEM32\CRYPTSP.dll
0x00007fff31da0000 - 0x00007fff31dda000 	C:\WINDOWS\system32\rsaenh.dll
0x00007fff32460000 - 0x00007fff3248b000 	C:\WINDOWS\SYSTEM32\USERENV.dll
0x00007fff32f90000 - 0x00007fff32fb6000 	C:\WINDOWS\SYSTEM32\bcrypt.dll
0x00007fff32690000 - 0x00007fff3269c000 	C:\WINDOWS\SYSTEM32\CRYPTBASE.dll
0x00007fff2d620000 - 0x00007fff2d62e000 	C:\Program Files\Java\jdk-24\bin\sunmscapi.dll
0x00007fff33b80000 - 0x00007fff33cf7000 	C:\WINDOWS\System32\CRYPT32.dll
0x00007fff328b0000 - 0x00007fff328e0000 	C:\WINDOWS\SYSTEM32\ncrypt.dll
0x00007fff32860000 - 0x00007fff3289f000 	C:\WINDOWS\SYSTEM32\NTASN1.dll
0x00007fff35490000 - 0x00007fff35538000 	C:\WINDOWS\System32\clbcatq.dll
0x00007fff2edc0000 - 0x00007fff2eff9000 	C:\WINDOWS\SYSTEM32\WindowsCodecs.dll
0x00007fff086a0000 - 0x00007fff086fa000 	C:\WINDOWS\system32\dataexchange.dll
0x00007fff1e800000 - 0x00007fff1ea3a000 	C:\WINDOWS\system32\twinapi.appcore.dll

dbghelp: loaded successfully - version: 4.0.5 - missing functions: none
symbol engine: initialized successfully - sym options: 0x614 - pdb path: .;C:\Program Files\Java\jdk-24\bin;C:\WINDOWS\SYSTEM32;C:\WINDOWS\WinSxS\amd64_microsoft.windows.common-controls_6595b64144ccf1df_6.0.26100.4202_none_3e0698d4e335f517;C:\Program Files\Java\jdk-24\bin\server

VM Arguments:
jvm_args: -Dfile.encoding=UTF-8 --module-path=C:\Users\Parametrización\Documents\NetBeansProjects\Gestor_Tareas\build\classes 
java_command: IFG.Inicio_Sesion
java_class_path (initial): D:\mysql-connector-j-9.3.0\mysql-connector-j-9.3.0.jar;C:\Users\Parametrización\Documents\NetBeansProjects\Gestor_Tareas\build\classes
Launcher Type: SUN_STANDARD

[Global flags]
     intx CICompilerCount                          = 3                                         {product} {ergonomic}
     uint ConcGCThreads                            = 2                                         {product} {ergonomic}
     uint G1ConcRefinementThreads                  = 6                                         {product} {ergonomic}
   size_t G1HeapRegionSize                         = 2097152                                   {product} {ergonomic}
   size_t InitialHeapSize                          = 266338304                                 {product} {ergonomic}
   size_t MarkStackSize                            = 4194304                                   {product} {ergonomic}
   size_t MarkStackSizeMax                         = 536870912                                 {product} {ergonomic}
   size_t MaxHeapSize                              = 4248829952                                {product} {ergonomic}
   size_t MaxNewSize                               = 2548039680                                {product} {ergonomic}
   size_t MinHeapDeltaBytes                        = 2097152                                   {product} {ergonomic}
   size_t MinHeapSize                              = 8388608                                   {product} {ergonomic}
    uintx NonNMethodCodeHeapSize                   = 5832704                                {pd product} {ergonomic}
    uintx NonProfiledCodeHeapSize                  = 122945536                              {pd product} {ergonomic}
    uintx ProfiledCodeHeapSize                     = 122880000                              {pd product} {ergonomic}
    uintx ReservedCodeCacheSize                    = 251658240                              {pd product} {ergonomic}
     bool SegmentedCodeCache                       = true                                      {product} {ergonomic}
   size_t SoftMaxHeapSize                          = 4248829952                             {manageable} {ergonomic}
     bool UseCompressedOops                        = true                           {product lp64_product} {ergonomic}
     bool UseG1GC                                  = true                                      {product} {ergonomic}
     bool UseLargePagesIndividualAllocation        = false                                  {pd product} {ergonomic}

Logging:
Log output configuration:
 #0: stdout all=warning uptime,level,tags foldmultilines=false
 #1: stderr all=off uptime,level,tags foldmultilines=false

Environment Variables:
PATH=C:\Program Files\Common Files\Oracle\Java\javapath;C:\WINDOWS\system32;C:\WINDOWS;C:\WINDOWS\System32\Wbem;C:\WINDOWS\System32\WindowsPowerShell\v1.0\;C:\WINDOWS\System32\OpenSSH\;C:\Users\Parametrización\AppData\Local\Microsoft\WindowsApps;C:\Users\Parametrización\AppData\Local\Programs\Microsoft VS Code\bin;
USERNAME=Parametrización
OS=Windows_NT
PROCESSOR_IDENTIFIER=Intel64 Family 6 Model 158 Stepping 10, GenuineIntel
TMP=C:\Users\PARAME~1\AppData\Local\Temp
TEMP=C:\Users\PARAME~1\AppData\Local\Temp




Periodic native trim disabled

---------------  S Y S T E M  ---------------

OS:
 Windows 11 , 64 bit Build 26100 (10.0.26100.4202)
OS uptime: 0 days 21:49 hours
Hyper-V role detected

CPU: total 6 (initial active 6) (6 cores per cpu, 1 threads per core) family 6 model 158 stepping 10 microcode 0xf0, cx8, cmov, fxsr, mmx, 3dnowpref, sse, sse2, sse3, ssse3, sse4.1, sse4.2, popcnt, lzcnt, tsc, tscinvbit, avx, avx2, aes, erms, clmul, bmi1, bmi2, adx, fma, vzeroupper, clflush, clflushopt, hv, rdtscp, f16c
Processor Information for the first 6 processors :
  Max Mhz: 1704, Current Mhz: 1704, Mhz Limit: 1704

Memory: 4k page, system-wide physical 16207M (4098M free)
TotalPageFile size 18255M (AvailPageFile size 65M)
current process WorkingSet (physical memory assigned to process): 115M, peak: 115M
current process commit charge ("private bytes"): 376M, peak: 381M

vm_info: Java HotSpot(TM) 64-Bit Server VM (24+36-3646) for windows-amd64 JRE (24+36-3646), built on 2025-02-06T00:20:43Z with MS VC++ 17.6 (VS2022)

END.
